=== Voronoi Unlearning (SIMPLE) ===
Method: simple
Epochs: 3
Batch size: 32
Learning rate: 0.0009
Use regularization: False
Loading model from checkpoint: checkpoints/best.pth
Total parameters: 5,691,172
Trainable parameters: 147,456
Trainable percentage: 2.59%
Extracting embeddings...
Computing retain class centroids...
Computing forget class centroids...
Computing Voronoi vertices for 50 retain classes...
Computing true Voronoi vertices for 50 centroids...
Generated 50 Voronoi vertices
Selecting 50 target vertices...
Assigning targets to forget classes using 'simple' method...
Using random target assignment...
Average travel distance to targets: 22.5919
Setup complete: 50 targets assigned

=== Initial Evaluation ===
Forget Acc: 73.79% | Retain Acc: 75.76%

=== Starting Step-based Voronoi Unlearning for 1995 steps ===
Forget loader batches: 665, Retain loader batches: 66
Training ratio: 5:1 (forget:retain batches)
Validation every 100 steps

--- Step 100 Summary ---
Forget Loss: 0.9739, Retain MSE: 0.3477, Retain CE: 0.7140
Step 100 Accuracy - Forget: 8.35% | Retain: 28.69%

--- Step 200 Summary ---
Forget Loss: 0.5968, Retain MSE: 0.2844, Retain CE: 0.6760
Step 200 Accuracy - Forget: 16.67% | Retain: 58.03%

--- Step 300 Summary ---
Forget Loss: 0.5633, Retain MSE: 0.2629, Retain CE: 0.6418
Step 300 Accuracy - Forget: 11.09% | Retain: 58.51%

--- Step 400 Summary ---
Forget Loss: 0.5437, Retain MSE: 0.2501, Retain CE: 0.6197
Step 400 Accuracy - Forget: 8.32% | Retain: 56.93%

--- Step 500 Summary ---
Forget Loss: 0.5227, Retain MSE: 0.2558, Retain CE: 0.6239
