=== Voronoi Unlearning ===
Loading model from checkpoint: checkpoints/best.pth
Total parameters: 5,691,172
Trainable parameters: 166,756
Trainable percentage: 2.93%
Setting up targets...
Generated 176 directional targets along forget→retain paths
Using random target assignment with unique targets...
Average travel distance to targets: 20.1708
Setup complete: 44 targets assigned

=== Initial Evaluation ===
Forget Acc: 75.02% | Retain Acc: 74.58%

Step 25 - Forget: 60.36% | Retain: 76.30% | Step Time: 5.37s | Training Time So Far: 5.4s

Step 50 - Forget: 34.84% | Retain: 72.36% | Step Time: 5.21s | Training Time So Far: 10.6s

Step 75 - Forget: 24.00% | Retain: 74.43% | Step Time: 5.47s | Training Time So Far: 16.0s

Step 100 - Forget: 12.44% | Retain: 73.42% | Step Time: 7.34s | Training Time So Far: 23.4s

Step 125 - Forget: 6.79% | Retain: 73.75% | Step Time: 7.99s | Training Time So Far: 31.4s

Step 150 - Forget: 2.64% | Retain: 73.48% | Step Time: 7.76s | Training Time So Far: 39.1s

Step 175 - Forget: 1.13% | Retain: 74.13% | Step Time: 7.90s | Training Time So Far: 47.0s

Step 200 - Forget: 0.47% | Retain: 74.46% | Step Time: 8.53s | Training Time So Far: 55.5s

Step 225 - Forget: 0.27% | Retain: 75.67% | Step Time: 8.57s | Training Time So Far: 64.1s

Step 250 - Forget: 0.06% | Retain: 76.44% | Step Time: 9.73s | Training Time So Far: 73.8s

Step 275 - Forget: 0.03% | Retain: 76.00% | Step Time: 9.81s | Training Time So Far: 83.6s

Step 300 - Forget: 0.03% | Retain: 76.39% | Step Time: 10.16s | Training Time So Far: 93.8s

Step 325 - Forget: 0.00% | Retain: 77.60% | Step Time: 10.25s | Training Time So Far: 104.0s

Step 350 - Forget: 0.00% | Retain: 77.48% | Step Time: 10.32s | Training Time So Far: 114.3s

Step 375 - Forget: 0.00% | Retain: 77.45% | Step Time: 11.27s | Training Time So Far: 125.6s

Step 400 - Forget: 0.00% | Retain: 77.13% | Step Time: 11.54s | Training Time So Far: 137.1s

Step 425 - Forget: 0.00% | Retain: 77.04% | Step Time: 12.11s | Training Time So Far: 149.2s

Step 450 - Forget: 0.00% | Retain: 77.39% | Step Time: 12.64s | Training Time So Far: 161.9s

Step 475 - Forget: 0.00% | Retain: 78.46% | Step Time: 13.61s | Training Time So Far: 175.5s

Step 500 - Forget: 0.00% | Retain: 77.36% | Step Time: 13.46s | Training Time So Far: 188.9s

Step 525 - Forget: 0.00% | Retain: 78.19% | Step Time: 13.37s | Training Time So Far: 202.3s

Step 550 - Forget: 0.00% | Retain: 77.81% | Step Time: 12.70s | Training Time So Far: 215.0s

Step 575 - Forget: 0.00% | Retain: 78.13% | Step Time: 14.15s | Training Time So Far: 229.1s

=== Training Complete ===
Total time: 469.67s (7.83 min)
Pure training time (excluding evaluations): 242.96s (4.05 min)
Evaluation overhead: 226.71s
Model saved to 'voronoi_unlearned.pth'
